<?xml version="1.0" encoding="UTF-8"?>
<testng-results ignored="0" total="5" passed="5" failed="0" skipped="0">
  <reporter-output>
  </reporter-output>
  <suite started-at="2024-11-07T23:59:08 IST" name="Default suite" finished-at="2024-11-07T23:59:13 IST" duration-ms="4819">
    <groups>
    </groups>
    <test started-at="2024-11-07T23:59:08 IST" name="Default test" finished-at="2024-11-07T23:59:13 IST" duration-ms="4819">
      <class name="com.qa.opencart.test.LoginPageTest">
        <test-method is-config="true" signature="setup()[pri:0, instance:com.qa.opencart.test.LoginPageTest@548a24a]" started-at="2024-11-07T23:59:08 IST" name="setup" finished-at="2024-11-07T23:59:12 IST" duration-ms="4126" status="PASS">
          <reporter-output>
          </reporter-output>
        </test-method> <!-- setup -->
        <test-method signature="loginPageTitleTest()[pri:1, instance:com.qa.opencart.test.LoginPageTest@548a24a]" started-at="2024-11-07T23:59:12 IST" name="loginPageTitleTest" finished-at="2024-11-07T23:59:12 IST" duration-ms="105" status="PASS">
          <reporter-output>
          </reporter-output>
        </test-method> <!-- loginPageTitleTest -->
        <test-method signature="loginPageUrlTest()[pri:2, instance:com.qa.opencart.test.LoginPageTest@548a24a]" started-at="2024-11-07T23:59:12 IST" name="loginPageUrlTest" finished-at="2024-11-07T23:59:12 IST" duration-ms="11" status="PASS">
          <reporter-output>
          </reporter-output>
        </test-method> <!-- loginPageUrlTest -->
        <test-method signature="forgotPwdLinkTest()[pri:3, instance:com.qa.opencart.test.LoginPageTest@548a24a]" started-at="2024-11-07T23:59:12 IST" name="forgotPwdLinkTest" finished-at="2024-11-07T23:59:12 IST" duration-ms="43" status="PASS">
          <reporter-output>
          </reporter-output>
        </test-method> <!-- forgotPwdLinkTest -->
        <test-method signature="registerPwdLinkTest()[pri:4, instance:com.qa.opencart.test.LoginPageTest@548a24a]" started-at="2024-11-07T23:59:12 IST" name="registerPwdLinkTest" finished-at="2024-11-07T23:59:12 IST" duration-ms="35" status="PASS">
          <reporter-output>
          </reporter-output>
        </test-method> <!-- registerPwdLinkTest -->
        <test-method signature="loginTest()[pri:5, instance:com.qa.opencart.test.LoginPageTest@548a24a]" started-at="2024-11-07T23:59:12 IST" name="loginTest" finished-at="2024-11-07T23:59:13 IST" duration-ms="233" status="PASS">
          <reporter-output>
          </reporter-output>
        </test-method> <!-- loginTest -->
        <test-method is-config="true" signature="tearDown()[pri:0, instance:com.qa.opencart.test.LoginPageTest@548a24a]" started-at="2024-11-07T23:59:13 IST" name="tearDown" finished-at="2024-11-07T23:59:13 IST" duration-ms="147" status="PASS">
          <reporter-output>
          </reporter-output>
        </test-method> <!-- tearDown -->
      </class> <!-- com.qa.opencart.test.LoginPageTest -->
    </test> <!-- Default test -->
  </suite> <!-- Default suite -->
</testng-results>
